2025-05-03 00:03:16 - Starting RegistrationServiceApplication using Java 21.0.6 with PID 10520 (D:\SpringProjects\Project\registration-service\target\classes started by User in D:\SpringProjects\Project\registration-service)
2025-05-03 00:03:16 - Running with Spring Boot v3.4.4, Spring v6.2.5
2025-05-03 00:03:16 - No active profile set, falling back to 1 default profile: "default"
2025-05-03 00:03:19 - Bootstrapping Spring Data JPA repositories in DEFAULT mode.
2025-05-03 00:03:19 - Finished Spring Data repository scanning in 708 ms. Found 1 JPA repository interface.
2025-05-03 00:03:21 - BeanFactory id=ecabf3f7-b5e5-3f72-b1d7-f84dcbf34ae1
2025-05-03 00:03:22 - Tomcat initialized with port 8081 (http)
2025-05-03 00:03:22 - Starting service [Tomcat]
2025-05-03 00:03:22 - Starting Servlet engine: [Apache Tomcat/10.1.39]
2025-05-03 00:03:23 - Initializing Spring embedded WebApplicationContext
2025-05-03 00:03:23 - Root WebApplicationContext: initialization completed in 6555 ms
2025-05-03 00:03:23 - HHH000204: Processing PersistenceUnitInfo [name: default]
2025-05-03 00:03:24 - HHH000412: Hibernate ORM core version 6.6.11.Final
2025-05-03 00:03:24 - HHH000026: Second-level cache disabled
2025-05-03 00:03:25 - No LoadTimeWeaver setup: ignoring JPA class transformer
2025-05-03 00:03:25 - questions - Starting...
2025-05-03 00:03:26 - questions - Added connection com.mysql.cj.jdbc.ConnectionImpl@7ec5aad
2025-05-03 00:03:26 - questions - Start completed.
2025-05-03 00:03:26 - HHH90000025: MySQL8Dialect does not need to be specified explicitly using 'hibernate.dialect' (remove the property setting and it will be selected by default)
2025-05-03 00:03:26 - HHH90000026: MySQL8Dialect has been deprecated; use org.hibernate.dialect.MySQLDialect instead
2025-05-03 00:03:26 - HHH10001005: Database info:
	Database JDBC URL [Connecting through datasource 'HikariDataSource (questions)']
	Database driver: undefined/unknown
	Database version: 8.0
	Autocommit mode: undefined/unknown
	Isolation level: undefined/unknown
	Minimum pool size: undefined/unknown
	Maximum pool size: undefined/unknown
2025-05-03 00:03:30 - HHH000489: No JTA platform available (set 'hibernate.transaction.jta.platform' to enable JTA platform integration)
2025-05-03 00:03:34 - Initialized JPA EntityManagerFactory for persistence unit 'default'
2025-05-03 00:03:35 - Password encoder bean created with BCryptPasswordEncoder.
2025-05-03 00:03:35 - spring.jpa.open-in-view is enabled by default. Therefore, database queries may be performed during view rendering. Explicitly configure spring.jpa.open-in-view to disable this warning
2025-05-03 00:03:35 - 

Using generated security password: 5d7fad1e-9171-410c-8db5-236b1287724b

This generated password is for development use only. Your security configuration must be updated before running your application in production.

2025-05-03 00:03:35 - Global AuthenticationManager configured with UserDetailsService bean with name inMemoryUserDetailsManager
2025-05-03 00:03:36 - Eureka HTTP Client uses RestTemplate.
2025-05-03 00:03:37 - Spring Cloud LoadBalancer is currently working with the default cache. While this cache implementation is useful for development and tests, it's recommended to use Caffeine cache in production.You can switch to using Caffeine cache, by adding it and org.springframework.cache.caffeine.CaffeineCacheManager to the classpath.
2025-05-03 00:03:37 - Setting initial instance status as: STARTING
2025-05-03 00:03:37 - Initializing Eureka in region us-east-1
2025-05-03 00:03:37 - Resolving eureka endpoints via configuration
2025-05-03 00:03:37 - Disable delta property : false
2025-05-03 00:03:37 - Single vip registry refresh property : null
2025-05-03 00:03:37 - Force full registry fetch : false
2025-05-03 00:03:37 - Application is null : false
2025-05-03 00:03:37 - Registered Applications size is zero : true
2025-05-03 00:03:37 - Application version is -1: true
2025-05-03 00:03:37 - Getting all instance registry info from the eureka server
2025-05-03 00:03:38 - The response status is 200
2025-05-03 00:03:38 - Starting heartbeat executor: renew interval is: 30
2025-05-03 00:03:38 - InstanceInfoReplicator onDemand update allowed rate per min is 4
2025-05-03 00:03:38 - Discovery Client initialized at timestamp 1746210818211 with initial instances count: 3
2025-05-03 00:03:38 - Registering application REGISTRATION-SERVICE with eureka with status UP
2025-05-03 00:03:38 - Saw local status change event StatusChangeEvent [timestamp=1746210818238, current=UP, previous=STARTING]
2025-05-03 00:03:38 - DiscoveryClient_REGISTRATION-SERVICE/DESKTOP-C525GN2:registration-service:8081: registering service...
2025-05-03 00:03:38 - Tomcat started on port 8081 (http) with context path '/'
2025-05-03 00:03:38 - Updating port to 8081
2025-05-03 00:03:38 - Started RegistrationServiceApplication in 23.904 seconds (process running for 27.571)
2025-05-03 00:03:38 - DiscoveryClient_REGISTRATION-SERVICE/DESKTOP-C525GN2:registration-service:8081 - registration status: 204
2025-05-03 00:05:10 - Initializing Spring DispatcherServlet 'dispatcherServlet'
2025-05-03 00:05:10 - Initializing Servlet 'dispatcherServlet'
2025-05-03 00:05:10 - Completed initialization in 2 ms
2025-05-03 00:05:10 - Validating credentials for email: prajawal@bottle.com
2025-05-03 00:05:10 - User validated successfully: prajawal@bottle.com
2025-05-03 00:07:32 - Validating credentials for email: prajawal@bottle.com
2025-05-03 00:07:32 - User validated successfully: prajawal@bottle.com
2025-05-03 00:07:34 - Validating credentials for email: prajawal@bottle.com
2025-05-03 00:07:34 - User validated successfully: prajawal@bottle.com
2025-05-03 00:07:36 - Validating credentials for email: prajawal@bottle.com
2025-05-03 00:07:36 - User validated successfully: prajawal@bottle.com
2025-05-03 00:08:11 - Validating credentials for email: prajawal@bottle.com
2025-05-03 00:08:11 - User validated successfully: prajawal@bottle.com
2025-05-03 00:08:37 - Resolving eureka endpoints via configuration
2025-05-03 00:12:00 - Validating credentials for email: prajawal@bottle.com
2025-05-03 00:12:00 - User validated successfully: prajawal@bottle.com
2025-05-03 00:12:27 - Validating credentials for email: prajawal@bottle.com
2025-05-03 00:12:28 - User validated successfully: prajawal@bottle.com
2025-05-03 00:13:37 - Resolving eureka endpoints via configuration
2025-05-03 00:18:37 - Resolving eureka endpoints via configuration
2025-05-03 00:21:59 - Validating credentials for email: prajawal@bottle.com
2025-05-03 00:21:59 - User validated successfully: prajawal@bottle.com
2025-05-03 00:23:13 - Validating credentials for email: prajawal@bottle.com
2025-05-03 00:23:13 - User validated successfully: prajawal@bottle.com
2025-05-03 00:23:37 - Resolving eureka endpoints via configuration
2025-05-03 00:24:05 - Validating credentials for email: prajawal@bottle.com
2025-05-03 00:24:05 - User validated successfully: prajawal@bottle.com
2025-05-03 00:24:52 - Validating credentials for email: prajawal@bottle.com
2025-05-03 00:24:52 - User validated successfully: prajawal@bottle.com
2025-05-03 00:25:05 - Validating credentials for email: prajawal@bottle.com
2025-05-03 00:25:05 - User validated successfully: prajawal@bottle.com
2025-05-03 00:25:50 - Validating credentials for email: prajawal@bottle.com
2025-05-03 00:25:50 - User validated successfully: prajawal@bottle.com
2025-05-03 00:26:27 - Validating credentials for email: prajawal@bottle.com
2025-05-03 00:26:27 - User validated successfully: prajawal@bottle.com
2025-05-03 00:27:14 - Validating credentials for email: prajawal@bottle.com
2025-05-03 00:27:14 - User validated successfully: prajawal@bottle.com
2025-05-03 00:28:37 - Resolving eureka endpoints via configuration
2025-05-03 00:29:24 - Validating credentials for email: prajawal@bottle.com
2025-05-03 00:29:25 - User validated successfully: prajawal@bottle.com
2025-05-03 00:33:37 - Resolving eureka endpoints via configuration
2025-05-03 00:38:37 - Resolving eureka endpoints via configuration
2025-05-03 00:40:03 - Validating credentials for email: prajawal@bottle.com
2025-05-03 00:40:03 - User validated successfully: prajawal@bottle.com
2025-05-03 00:40:23 - Validating credentials for email: prajawal@bottle.com
2025-05-03 00:40:23 - User validated successfully: prajawal@bottle.com
2025-05-03 00:42:04 - Application shutdown requested.
2025-05-03 00:42:04 - Unregistering application REGISTRATION-SERVICE with eureka with status DOWN
2025-05-03 00:42:04 - Saw local status change event StatusChangeEvent [timestamp=1746213124665, current=DOWN, previous=UP]
2025-05-03 00:42:04 - DiscoveryClient_REGISTRATION-SERVICE/DESKTOP-C525GN2:registration-service:8081: registering service...
2025-05-03 00:42:04 - DiscoveryClient_REGISTRATION-SERVICE/DESKTOP-C525GN2:registration-service:8081 - registration status: 204
2025-05-03 00:42:05 - Commencing graceful shutdown. Waiting for active requests to complete
2025-05-03 00:42:05 - Graceful shutdown complete
2025-05-03 00:42:05 - Closing JPA EntityManagerFactory for persistence unit 'default'
2025-05-03 00:42:05 - questions - Shutdown initiated...
2025-05-03 00:42:05 - questions - Shutdown completed.
2025-05-03 00:42:05 - Shutting down DiscoveryClient ...
2025-05-03 00:42:08 - Unregistering ...
2025-05-03 00:42:08 - DiscoveryClient_REGISTRATION-SERVICE/DESKTOP-C525GN2:registration-service:8081 - deregister  status: 200
2025-05-03 00:42:08 - Completed shut down of DiscoveryClient
2025-05-03 13:21:19 - Starting RegistrationServiceApplication using Java 21.0.6 with PID 13040 (D:\SpringProjects\Project\registration-service\target\classes started by User in D:\SpringProjects\Project\registration-service)
2025-05-03 13:21:19 - Running with Spring Boot v3.4.4, Spring v6.2.5
2025-05-03 13:21:19 - No active profile set, falling back to 1 default profile: "default"
2025-05-03 13:21:21 - Bootstrapping Spring Data JPA repositories in DEFAULT mode.
2025-05-03 13:21:21 - Finished Spring Data repository scanning in 203 ms. Found 1 JPA repository interface.
2025-05-03 13:21:22 - BeanFactory id=ecabf3f7-b5e5-3f72-b1d7-f84dcbf34ae1
2025-05-03 13:21:23 - Tomcat initialized with port 8081 (http)
2025-05-03 13:21:23 - Starting service [Tomcat]
2025-05-03 13:21:23 - Starting Servlet engine: [Apache Tomcat/10.1.39]
2025-05-03 13:21:23 - Initializing Spring embedded WebApplicationContext
2025-05-03 13:21:23 - Root WebApplicationContext: initialization completed in 3492 ms
2025-05-03 13:21:23 - HHH000204: Processing PersistenceUnitInfo [name: default]
2025-05-03 13:21:23 - HHH000412: Hibernate ORM core version 6.6.11.Final
2025-05-03 13:21:23 - HHH000026: Second-level cache disabled
2025-05-03 13:21:23 - No LoadTimeWeaver setup: ignoring JPA class transformer
2025-05-03 13:21:23 - questions - Starting...
2025-05-03 13:21:24 - questions - Added connection com.mysql.cj.jdbc.ConnectionImpl@3dd66ff5
2025-05-03 13:21:24 - questions - Start completed.
2025-05-03 13:21:24 - HHH90000025: MySQL8Dialect does not need to be specified explicitly using 'hibernate.dialect' (remove the property setting and it will be selected by default)
2025-05-03 13:21:24 - HHH90000026: MySQL8Dialect has been deprecated; use org.hibernate.dialect.MySQLDialect instead
2025-05-03 13:21:24 - HHH10001005: Database info:
	Database JDBC URL [Connecting through datasource 'HikariDataSource (questions)']
	Database driver: undefined/unknown
	Database version: 8.0
	Autocommit mode: undefined/unknown
	Isolation level: undefined/unknown
	Minimum pool size: undefined/unknown
	Maximum pool size: undefined/unknown
2025-05-03 13:21:25 - HHH000489: No JTA platform available (set 'hibernate.transaction.jta.platform' to enable JTA platform integration)
2025-05-03 13:21:29 - Initialized JPA EntityManagerFactory for persistence unit 'default'
2025-05-03 13:21:29 - Password encoder bean created with BCryptPasswordEncoder.
2025-05-03 13:21:29 - spring.jpa.open-in-view is enabled by default. Therefore, database queries may be performed during view rendering. Explicitly configure spring.jpa.open-in-view to disable this warning
2025-05-03 13:21:29 - 

Using generated security password: 2f5e3440-a614-435f-b486-d30d72616cae

This generated password is for development use only. Your security configuration must be updated before running your application in production.

2025-05-03 13:21:29 - Global AuthenticationManager configured with UserDetailsService bean with name inMemoryUserDetailsManager
2025-05-03 13:21:30 - Eureka HTTP Client uses RestTemplate.
2025-05-03 13:21:30 - Spring Cloud LoadBalancer is currently working with the default cache. While this cache implementation is useful for development and tests, it's recommended to use Caffeine cache in production.You can switch to using Caffeine cache, by adding it and org.springframework.cache.caffeine.CaffeineCacheManager to the classpath.
2025-05-03 13:21:30 - Setting initial instance status as: STARTING
2025-05-03 13:21:30 - Initializing Eureka in region us-east-1
2025-05-03 13:21:30 - Resolving eureka endpoints via configuration
2025-05-03 13:21:30 - Disable delta property : false
2025-05-03 13:21:30 - Single vip registry refresh property : null
2025-05-03 13:21:30 - Force full registry fetch : false
2025-05-03 13:21:30 - Application is null : false
2025-05-03 13:21:30 - Registered Applications size is zero : true
2025-05-03 13:21:30 - Application version is -1: true
2025-05-03 13:21:30 - Getting all instance registry info from the eureka server
2025-05-03 13:21:31 - The response status is 200
2025-05-03 13:21:31 - Starting heartbeat executor: renew interval is: 30
2025-05-03 13:21:31 - InstanceInfoReplicator onDemand update allowed rate per min is 4
2025-05-03 13:21:31 - Discovery Client initialized at timestamp 1746258691210 with initial instances count: 4
2025-05-03 13:21:31 - Registering application REGISTRATION-SERVICE with eureka with status UP
2025-05-03 13:21:31 - Saw local status change event StatusChangeEvent [timestamp=1746258691226, current=UP, previous=STARTING]
2025-05-03 13:21:31 - DiscoveryClient_REGISTRATION-SERVICE/DESKTOP-C525GN2:registration-service:8081: registering service...
2025-05-03 13:21:31 - Tomcat started on port 8081 (http) with context path '/'
2025-05-03 13:21:31 - Updating port to 8081
2025-05-03 13:21:31 - Started RegistrationServiceApplication in 12.452 seconds (process running for 13.996)
2025-05-03 13:21:31 - DiscoveryClient_REGISTRATION-SERVICE/DESKTOP-C525GN2:registration-service:8081 - registration status: 204
2025-05-03 13:21:44 - Initializing Spring DispatcherServlet 'dispatcherServlet'
2025-05-03 13:21:44 - Initializing Servlet 'dispatcherServlet'
2025-05-03 13:21:44 - Completed initialization in 3 ms
2025-05-03 13:21:44 - Validating credentials for email: prajawal@bottle.com
2025-05-03 13:21:44 - User validated successfully: prajawal@bottle.com
2025-05-03 13:21:50 - Validating credentials for email: prajawal@bottle.com
2025-05-03 13:21:50 - User validated successfully: prajawal@bottle.com
2025-05-03 13:25:31 - Validating credentials for email: prajawal@bottle.com
2025-05-03 13:25:31 - User validated successfully: prajawal@bottle.com
2025-05-03 13:26:02 - Validating credentials for email: prajawal@bottle.com
2025-05-03 13:26:02 - User validated successfully: prajawal@bottle.com
2025-05-03 13:26:30 - Resolving eureka endpoints via configuration
2025-05-03 13:26:44 - Validating credentials for email: prajawal@bottle.com
2025-05-03 13:26:45 - User validated successfully: prajawal@bottle.com
2025-05-03 13:27:19 - Validating credentials for email: prajawal@bottle.com
2025-05-03 13:27:20 - User validated successfully: prajawal@bottle.com
2025-05-03 13:27:38 - Validating credentials for email: prajawal@bottle.com
2025-05-03 13:27:38 - User validated successfully: prajawal@bottle.com
2025-05-03 13:29:28 - Validating credentials for email: prajawal@bottle.com
2025-05-03 13:29:28 - User validated successfully: prajawal@bottle.com
2025-05-03 13:31:13 - Validating credentials for email: prajawal@bottle.com
2025-05-03 13:31:14 - User validated successfully: prajawal@bottle.com
2025-05-03 13:31:30 - Resolving eureka endpoints via configuration
2025-05-03 13:33:48 - Validating credentials for email: prajawal@bottle.com
2025-05-03 13:33:48 - User validated successfully: prajawal@bottle.com
2025-05-03 13:34:39 - Application shutdown requested.
2025-05-03 13:34:39 - Unregistering application REGISTRATION-SERVICE with eureka with status DOWN
2025-05-03 13:34:39 - Saw local status change event StatusChangeEvent [timestamp=1746259479903, current=DOWN, previous=UP]
2025-05-03 13:34:39 - DiscoveryClient_REGISTRATION-SERVICE/DESKTOP-C525GN2:registration-service:8081: registering service...
2025-05-03 13:34:39 - Commencing graceful shutdown. Waiting for active requests to complete
2025-05-03 13:34:39 - DiscoveryClient_REGISTRATION-SERVICE/DESKTOP-C525GN2:registration-service:8081 - registration status: 204
2025-05-03 13:34:39 - Graceful shutdown complete
2025-05-03 13:34:39 - Closing JPA EntityManagerFactory for persistence unit 'default'
2025-05-03 13:34:39 - questions - Shutdown initiated...
2025-05-03 13:34:39 - questions - Shutdown completed.
2025-05-03 13:34:39 - Shutting down DiscoveryClient ...
2025-05-03 13:34:42 - Unregistering ...
2025-05-03 13:34:43 - DiscoveryClient_REGISTRATION-SERVICE/DESKTOP-C525GN2:registration-service:8081 - deregister  status: 200
2025-05-03 13:34:43 - Completed shut down of DiscoveryClient
2025-05-03 13:37:37 - Starting RegistrationServiceApplication using Java 21.0.6 with PID 12632 (D:\SpringProjects\Project\registration-service\target\classes started by User in D:\SpringProjects\Project\registration-service)
2025-05-03 13:37:37 - Running with Spring Boot v3.4.4, Spring v6.2.5
2025-05-03 13:37:37 - No active profile set, falling back to 1 default profile: "default"
2025-05-03 13:37:39 - Bootstrapping Spring Data JPA repositories in DEFAULT mode.
2025-05-03 13:37:39 - Finished Spring Data repository scanning in 214 ms. Found 1 JPA repository interface.
2025-05-03 13:37:40 - BeanFactory id=ecabf3f7-b5e5-3f72-b1d7-f84dcbf34ae1
2025-05-03 13:37:41 - Tomcat initialized with port 8081 (http)
2025-05-03 13:37:41 - Starting service [Tomcat]
2025-05-03 13:37:41 - Starting Servlet engine: [Apache Tomcat/10.1.39]
2025-05-03 13:37:42 - Initializing Spring embedded WebApplicationContext
2025-05-03 13:37:42 - Root WebApplicationContext: initialization completed in 4757 ms
2025-05-03 13:37:42 - HHH000204: Processing PersistenceUnitInfo [name: default]
2025-05-03 13:37:43 - HHH000412: Hibernate ORM core version 6.6.11.Final
2025-05-03 13:37:43 - HHH000026: Second-level cache disabled
2025-05-03 13:37:44 - No LoadTimeWeaver setup: ignoring JPA class transformer
2025-05-03 13:37:44 - questions - Starting...
2025-05-03 13:37:45 - questions - Added connection com.mysql.cj.jdbc.ConnectionImpl@718ad3a6
2025-05-03 13:37:45 - questions - Start completed.
2025-05-03 13:37:46 - HHH90000025: MySQL8Dialect does not need to be specified explicitly using 'hibernate.dialect' (remove the property setting and it will be selected by default)
2025-05-03 13:37:46 - HHH90000026: MySQL8Dialect has been deprecated; use org.hibernate.dialect.MySQLDialect instead
2025-05-03 13:37:46 - HHH10001005: Database info:
	Database JDBC URL [Connecting through datasource 'HikariDataSource (questions)']
	Database driver: undefined/unknown
	Database version: 8.0
	Autocommit mode: undefined/unknown
	Isolation level: undefined/unknown
	Minimum pool size: undefined/unknown
	Maximum pool size: undefined/unknown
2025-05-03 13:37:48 - HHH000489: No JTA platform available (set 'hibernate.transaction.jta.platform' to enable JTA platform integration)
2025-05-03 13:37:56 - Initialized JPA EntityManagerFactory for persistence unit 'default'
2025-05-03 13:38:00 - Password encoder bean created with BCryptPasswordEncoder.
2025-05-03 13:38:00 - spring.jpa.open-in-view is enabled by default. Therefore, database queries may be performed during view rendering. Explicitly configure spring.jpa.open-in-view to disable this warning
2025-05-03 13:38:00 - 

Using generated security password: 264bf7c6-229f-4614-ac28-bfde8a6311db

This generated password is for development use only. Your security configuration must be updated before running your application in production.

2025-05-03 13:38:00 - Global AuthenticationManager configured with UserDetailsService bean with name inMemoryUserDetailsManager
2025-05-03 13:38:01 - Eureka HTTP Client uses RestTemplate.
2025-05-03 13:38:01 - Spring Cloud LoadBalancer is currently working with the default cache. While this cache implementation is useful for development and tests, it's recommended to use Caffeine cache in production.You can switch to using Caffeine cache, by adding it and org.springframework.cache.caffeine.CaffeineCacheManager to the classpath.
2025-05-03 13:38:01 - Setting initial instance status as: STARTING
2025-05-03 13:38:01 - Initializing Eureka in region us-east-1
2025-05-03 13:38:01 - Resolving eureka endpoints via configuration
2025-05-03 13:38:01 - Disable delta property : false
2025-05-03 13:38:01 - Single vip registry refresh property : null
2025-05-03 13:38:01 - Force full registry fetch : false
2025-05-03 13:38:01 - Application is null : false
2025-05-03 13:38:01 - Registered Applications size is zero : true
2025-05-03 13:38:01 - Application version is -1: true
2025-05-03 13:38:01 - Getting all instance registry info from the eureka server
2025-05-03 13:38:02 - The response status is 200
2025-05-03 13:38:02 - Starting heartbeat executor: renew interval is: 30
2025-05-03 13:38:02 - InstanceInfoReplicator onDemand update allowed rate per min is 4
2025-05-03 13:38:02 - Discovery Client initialized at timestamp 1746259682683 with initial instances count: 4
2025-05-03 13:38:02 - Registering application REGISTRATION-SERVICE with eureka with status UP
2025-05-03 13:38:02 - Saw local status change event StatusChangeEvent [timestamp=1746259682683, current=UP, previous=STARTING]
2025-05-03 13:38:02 - DiscoveryClient_REGISTRATION-SERVICE/DESKTOP-C525GN2:registration-service:8081: registering service...
2025-05-03 13:38:03 - DiscoveryClient_REGISTRATION-SERVICE/DESKTOP-C525GN2:registration-service:8081 - registration status: 204
2025-05-03 13:38:03 - Tomcat started on port 8081 (http) with context path '/'
2025-05-03 13:38:03 - Updating port to 8081
2025-05-03 13:38:03 - Started RegistrationServiceApplication in 26.506 seconds (process running for 27.896)
2025-05-03 13:43:00 - Initializing Spring DispatcherServlet 'dispatcherServlet'
2025-05-03 13:43:00 - Initializing Servlet 'dispatcherServlet'
2025-05-03 13:43:00 - Completed initialization in 3 ms
2025-05-03 13:43:00 - Validating credentials for email: prajawal@bottle.com
2025-05-03 13:43:01 - User validated successfully: prajawal@bottle.com
2025-05-03 13:43:01 - Resolving eureka endpoints via configuration
2025-05-03 13:43:17 - Validating credentials for email: prajawal@bottle.com
2025-05-03 13:43:18 - User validated successfully: prajawal@bottle.com
2025-05-03 13:47:38 - Validating credentials for email: prajawal@bottle.com
2025-05-03 13:47:39 - User validated successfully: prajawal@bottle.com
2025-05-03 13:48:01 - Resolving eureka endpoints via configuration
2025-05-03 13:48:58 - Validating credentials for email: prajawal@bottle.com
2025-05-03 13:48:58 - User validated successfully: prajawal@bottle.com
2025-05-03 13:53:01 - Resolving eureka endpoints via configuration
2025-05-03 13:53:33 - Validating credentials for email: prajawal@bottle.com
2025-05-03 13:53:34 - User validated successfully: prajawal@bottle.com
2025-05-03 13:53:42 - Application shutdown requested.
2025-05-03 13:53:42 - Unregistering application REGISTRATION-SERVICE with eureka with status DOWN
2025-05-03 13:53:42 - Saw local status change event StatusChangeEvent [timestamp=1746260622074, current=DOWN, previous=UP]
2025-05-03 13:53:42 - DiscoveryClient_REGISTRATION-SERVICE/DESKTOP-C525GN2:registration-service:8081: registering service...
2025-05-03 13:53:42 - Commencing graceful shutdown. Waiting for active requests to complete
2025-05-03 13:53:42 - Graceful shutdown complete
2025-05-03 13:53:42 - DiscoveryClient_REGISTRATION-SERVICE/DESKTOP-C525GN2:registration-service:8081 - registration status: 204
2025-05-03 13:53:42 - Closing JPA EntityManagerFactory for persistence unit 'default'
2025-05-03 13:53:42 - questions - Shutdown initiated...
2025-05-03 13:53:42 - questions - Shutdown completed.
2025-05-03 13:53:42 - Shutting down DiscoveryClient ...
2025-05-03 13:53:45 - Unregistering ...
2025-05-03 13:53:45 - DiscoveryClient_REGISTRATION-SERVICE/DESKTOP-C525GN2:registration-service:8081 - deregister  status: 200
2025-05-03 13:53:45 - Completed shut down of DiscoveryClient
2025-05-03 13:53:57 - Starting RegistrationServiceApplication using Java 21.0.6 with PID 10412 (D:\SpringProjects\Project\registration-service\target\classes started by User in D:\SpringProjects\Project\registration-service)
2025-05-03 13:53:57 - Running with Spring Boot v3.4.4, Spring v6.2.5
2025-05-03 13:53:57 - No active profile set, falling back to 1 default profile: "default"
2025-05-03 13:53:58 - Bootstrapping Spring Data JPA repositories in DEFAULT mode.
2025-05-03 13:53:58 - Finished Spring Data repository scanning in 165 ms. Found 1 JPA repository interface.
2025-05-03 13:53:59 - BeanFactory id=31c322c6-5e5b-3413-8482-e6a3c4d07de7
2025-05-03 13:53:59 - Tomcat initialized with port 8081 (http)
2025-05-03 13:53:59 - Starting service [Tomcat]
2025-05-03 13:53:59 - Starting Servlet engine: [Apache Tomcat/10.1.39]
2025-05-03 13:53:59 - Initializing Spring embedded WebApplicationContext
2025-05-03 13:53:59 - Root WebApplicationContext: initialization completed in 2281 ms
2025-05-03 13:54:00 - HHH000204: Processing PersistenceUnitInfo [name: default]
2025-05-03 13:54:00 - HHH000412: Hibernate ORM core version 6.6.11.Final
2025-05-03 13:54:00 - HHH000026: Second-level cache disabled
2025-05-03 13:54:00 - No LoadTimeWeaver setup: ignoring JPA class transformer
2025-05-03 13:54:00 - questions - Starting...
2025-05-03 13:54:01 - questions - Added connection com.mysql.cj.jdbc.ConnectionImpl@603c2dee
2025-05-03 13:54:01 - questions - Start completed.
2025-05-03 13:54:01 - HHH90000025: MySQL8Dialect does not need to be specified explicitly using 'hibernate.dialect' (remove the property setting and it will be selected by default)
2025-05-03 13:54:01 - HHH90000026: MySQL8Dialect has been deprecated; use org.hibernate.dialect.MySQLDialect instead
2025-05-03 13:54:01 - HHH10001005: Database info:
	Database JDBC URL [Connecting through datasource 'HikariDataSource (questions)']
	Database driver: undefined/unknown
	Database version: 8.0
	Autocommit mode: undefined/unknown
	Isolation level: undefined/unknown
	Minimum pool size: undefined/unknown
	Maximum pool size: undefined/unknown
2025-05-03 13:54:03 - HHH000489: No JTA platform available (set 'hibernate.transaction.jta.platform' to enable JTA platform integration)
2025-05-03 13:54:03 - Initialized JPA EntityManagerFactory for persistence unit 'default'
2025-05-03 13:54:03 - Password encoder bean created with BCryptPasswordEncoder.
2025-05-03 13:54:03 - spring.jpa.open-in-view is enabled by default. Therefore, database queries may be performed during view rendering. Explicitly configure spring.jpa.open-in-view to disable this warning
2025-05-03 13:54:03 - 

Using generated security password: 94a3c274-5867-40f3-b347-dbfc64d523b3

This generated password is for development use only. Your security configuration must be updated before running your application in production.

2025-05-03 13:54:03 - Global AuthenticationManager configured with UserDetailsService bean with name inMemoryUserDetailsManager
2025-05-03 13:54:04 - Eureka HTTP Client uses RestTemplate.
2025-05-03 13:54:04 - Spring Cloud LoadBalancer is currently working with the default cache. While this cache implementation is useful for development and tests, it's recommended to use Caffeine cache in production.You can switch to using Caffeine cache, by adding it and org.springframework.cache.caffeine.CaffeineCacheManager to the classpath.
2025-05-03 13:54:04 - Setting initial instance status as: STARTING
2025-05-03 13:54:04 - Initializing Eureka in region us-east-1
2025-05-03 13:54:04 - Resolving eureka endpoints via configuration
2025-05-03 13:54:04 - Disable delta property : false
2025-05-03 13:54:04 - Single vip registry refresh property : null
2025-05-03 13:54:04 - Force full registry fetch : false
2025-05-03 13:54:04 - Application is null : false
2025-05-03 13:54:04 - Registered Applications size is zero : true
2025-05-03 13:54:04 - Application version is -1: true
2025-05-03 13:54:04 - Getting all instance registry info from the eureka server
2025-05-03 13:54:05 - The response status is 200
2025-05-03 13:54:05 - Starting heartbeat executor: renew interval is: 30
2025-05-03 13:54:05 - InstanceInfoReplicator onDemand update allowed rate per min is 4
2025-05-03 13:54:05 - Discovery Client initialized at timestamp 1746260645371 with initial instances count: 4
2025-05-03 13:54:05 - Registering application REGISTRATION-SERVICE with eureka with status UP
2025-05-03 13:54:05 - Saw local status change event StatusChangeEvent [timestamp=1746260645379, current=UP, previous=STARTING]
2025-05-03 13:54:05 - DiscoveryClient_REGISTRATION-SERVICE/DESKTOP-C525GN2:registration-service:8081: registering service...
2025-05-03 13:54:05 - DiscoveryClient_REGISTRATION-SERVICE/DESKTOP-C525GN2:registration-service:8081 - registration status: 204
2025-05-03 13:54:05 - Tomcat started on port 8081 (http) with context path '/'
2025-05-03 13:54:05 - Updating port to 8081
2025-05-03 13:54:05 - Started RegistrationServiceApplication in 8.705 seconds (process running for 9.826)
2025-05-03 13:54:21 - Initializing Spring DispatcherServlet 'dispatcherServlet'
2025-05-03 13:54:21 - Initializing Servlet 'dispatcherServlet'
2025-05-03 13:54:21 - Completed initialization in 0 ms
2025-05-03 13:54:21 - Validating credentials for email: prajawal@bottle.com
2025-05-03 13:54:22 - User validated successfully: prajawal@bottle.com
2025-05-03 13:54:25 - Validating credentials for email: prajawal@bottle.com
2025-05-03 13:54:25 - User validated successfully: prajawal@bottle.com
2025-05-03 13:54:27 - Validating credentials for email: prajawal@bottle.com
2025-05-03 13:54:27 - User validated successfully: prajawal@bottle.com
2025-05-03 13:59:06 - Resolving eureka endpoints via configuration
2025-05-03 14:00:58 - Application shutdown requested.
2025-05-03 14:00:58 - Unregistering application REGISTRATION-SERVICE with eureka with status DOWN
2025-05-03 14:00:58 - Saw local status change event StatusChangeEvent [timestamp=1746261058475, current=DOWN, previous=UP]
2025-05-03 14:00:58 - DiscoveryClient_REGISTRATION-SERVICE/DESKTOP-C525GN2:registration-service:8081: registering service...
2025-05-03 14:00:58 - Commencing graceful shutdown. Waiting for active requests to complete
2025-05-03 14:00:58 - DiscoveryClient_REGISTRATION-SERVICE/DESKTOP-C525GN2:registration-service:8081 - registration status: 204
2025-05-03 14:00:58 - Graceful shutdown complete
2025-05-03 14:00:58 - Closing JPA EntityManagerFactory for persistence unit 'default'
2025-05-03 14:00:58 - questions - Shutdown initiated...
2025-05-03 14:00:58 - questions - Shutdown completed.
2025-05-03 14:00:58 - Shutting down DiscoveryClient ...
2025-05-03 14:01:01 - Unregistering ...
2025-05-03 14:01:01 - DiscoveryClient_REGISTRATION-SERVICE/DESKTOP-C525GN2:registration-service:8081 - deregister  status: 200
2025-05-03 14:01:01 - Completed shut down of DiscoveryClient
