2025-07-04 15:37:00 - Starting LoginServiceApplication using Java 21.0.6 with PID 9104 (D:\SpringProjects\Project\login-service-new\target\classes started by User in D:\SpringProjects\Project\login-service-new)
2025-07-04 15:37:00 - Running with Spring Boot v3.4.4, Spring v6.2.5
2025-07-04 15:37:00 - No active profile set, falling back to 1 default profile: "default"
2025-07-04 15:37:00 - Devtools property defaults active! Set 'spring.devtools.add-properties' to 'false' to disable
2025-07-04 15:37:00 - For additional web related logging consider setting the 'logging.level.web' property to 'DEBUG'
2025-07-04 15:37:08 - Bootstrapping Spring Data JPA repositories in DEFAULT mode.
2025-07-04 15:37:10 - Finished Spring Data repository scanning in 2439 ms. Found 1 JPA repository interface.
2025-07-04 15:37:12 - BeanFactory id=2fe9e384-f199-33f4-9d8c-886be88389b7
2025-07-04 15:37:22 - Tomcat initialized with port 8082 (http)
2025-07-04 15:37:22 - Starting service [Tomcat]
2025-07-04 15:37:22 - Starting Servlet engine: [Apache Tomcat/10.1.39]
2025-07-04 15:37:24 - Initializing Spring embedded WebApplicationContext
2025-07-04 15:37:24 - Root WebApplicationContext: initialization completed in 23385 ms
2025-07-04 15:37:24 - Unable to proxy interface-implementing method [public final void org.springframework.web.filter.OncePerRequestFilter.doFilter(jakarta.servlet.ServletRequest,jakarta.servlet.ServletResponse,jakarta.servlet.FilterChain) throws jakarta.servlet.ServletException,java.io.IOException] because it is marked as final, consider using interface-based JDK proxies instead.
2025-07-04 15:37:24 - Unable to proxy interface-implementing method [public final void org.springframework.web.filter.GenericFilterBean.init(jakarta.servlet.FilterConfig) throws jakarta.servlet.ServletException] because it is marked as final, consider using interface-based JDK proxies instead.
2025-07-04 15:37:27 - HHH000204: Processing PersistenceUnitInfo [name: default]
2025-07-04 15:37:29 - HHH000412: Hibernate ORM core version 6.6.11.Final
2025-07-04 15:37:30 - HHH000026: Second-level cache disabled
2025-07-04 15:37:35 - No LoadTimeWeaver setup: ignoring JPA class transformer
2025-07-04 15:37:36 - questions - Starting...
2025-07-04 15:37:42 - questions - Added connection com.mysql.cj.jdbc.ConnectionImpl@30ab3fb8
2025-07-04 15:37:42 - questions - Start completed.
2025-07-04 15:37:44 - HHH90000025: MySQL8Dialect does not need to be specified explicitly using 'hibernate.dialect' (remove the property setting and it will be selected by default)
2025-07-04 15:37:44 - HHH90000026: MySQL8Dialect has been deprecated; use org.hibernate.dialect.MySQLDialect instead
2025-07-04 15:37:44 - HHH10001005: Database info:
	Database JDBC URL [Connecting through datasource 'HikariDataSource (questions)']
	Database driver: undefined/unknown
	Database version: 8.0
	Autocommit mode: undefined/unknown
	Isolation level: undefined/unknown
	Minimum pool size: undefined/unknown
	Maximum pool size: undefined/unknown
2025-07-04 15:37:52 - HHH000489: No JTA platform available (set 'hibernate.transaction.jta.platform' to enable JTA platform integration)
2025-07-04 15:37:54 - Initialized JPA EntityManagerFactory for persistence unit 'default'
2025-07-04 15:37:58 - Filter 'jwtFilter' configured for use
2025-07-04 15:37:59 - spring.jpa.open-in-view is enabled by default. Therefore, database queries may be performed during view rendering. Explicitly configure spring.jpa.open-in-view to disable this warning
2025-07-04 15:37:59 - Found 2 UserDetailsService beans, with names [customUserDetailsService, userDetailsService]. Global Authentication Manager will not use a UserDetailsService for username/password login. Consider publishing a single UserDetailsService bean.
2025-07-04 15:38:06 - Unable to start LiveReload server
2025-07-04 15:38:07 - Eureka HTTP Client uses RestTemplate.
2025-07-04 15:38:08 - Spring Cloud LoadBalancer is currently working with the default cache. While this cache implementation is useful for development and tests, it's recommended to use Caffeine cache in production.You can switch to using Caffeine cache, by adding it and org.springframework.cache.caffeine.CaffeineCacheManager to the classpath.
2025-07-04 15:38:08 - Setting initial instance status as: STARTING
2025-07-04 15:38:08 - Initializing Eureka in region us-east-1
2025-07-04 15:38:09 - Resolving eureka endpoints via configuration
2025-07-04 15:38:09 - Disable delta property : false
2025-07-04 15:38:09 - Single vip registry refresh property : null
2025-07-04 15:38:09 - Force full registry fetch : false
2025-07-04 15:38:09 - Application is null : false
2025-07-04 15:38:09 - Registered Applications size is zero : true
2025-07-04 15:38:09 - Application version is -1: true
2025-07-04 15:38:09 - Getting all instance registry info from the eureka server
2025-07-04 15:38:10 - The response status is 200
2025-07-04 15:38:10 - Starting heartbeat executor: renew interval is: 30
2025-07-04 15:38:10 - InstanceInfoReplicator onDemand update allowed rate per min is 4
2025-07-04 15:38:10 - Discovery Client initialized at timestamp 1751623690965 with initial instances count: 0
2025-07-04 15:38:10 - Registering application LOGIN-SERVICE with eureka with status UP
2025-07-04 15:38:10 - Saw local status change event StatusChangeEvent [timestamp=1751623690995, current=UP, previous=STARTING]
2025-07-04 15:38:11 - DiscoveryClient_LOGIN-SERVICE/DESKTOP-C525GN2:login-service:8082: registering service...
2025-07-04 15:38:11 - Tomcat started on port 8082 (http) with context path '/'
2025-07-04 15:38:11 - Updating port to 8082
2025-07-04 15:38:11 - Started LoginServiceApplication in 76.518 seconds (process running for 87.208)
2025-07-04 15:38:11 - DiscoveryClient_LOGIN-SERVICE/DESKTOP-C525GN2:login-service:8082 - registration status: 204
2025-07-04 15:38:40 - Disable delta property : false
2025-07-04 15:38:40 - Single vip registry refresh property : null
2025-07-04 15:38:40 - Force full registry fetch : false
2025-07-04 15:38:40 - Application is null : false
2025-07-04 15:38:40 - Registered Applications size is zero : true
2025-07-04 15:38:40 - Application version is -1: false
2025-07-04 15:38:40 - Getting all instance registry info from the eureka server
2025-07-04 15:38:40 - The response status is 200
2025-07-04 15:39:21 - Initializing Spring DispatcherServlet 'dispatcherServlet'
2025-07-04 15:39:21 - Initializing Servlet 'dispatcherServlet'
2025-07-04 15:39:21 - Completed initialization in 3 ms
2025-07-04 15:43:09 - Resolving eureka endpoints via configuration
2025-07-04 15:48:09 - Resolving eureka endpoints via configuration
2025-07-04 15:53:09 - Resolving eureka endpoints via configuration
2025-07-04 15:58:09 - Resolving eureka endpoints via configuration
2025-07-04 16:03:09 - Resolving eureka endpoints via configuration
2025-07-04 16:08:09 - Resolving eureka endpoints via configuration
2025-07-04 16:13:09 - Resolving eureka endpoints via configuration
2025-07-04 16:18:09 - Resolving eureka endpoints via configuration
2025-07-04 16:23:09 - Resolving eureka endpoints via configuration
2025-07-04 16:28:09 - Resolving eureka endpoints via configuration
2025-07-04 16:33:09 - Resolving eureka endpoints via configuration
2025-07-04 16:38:09 - Resolving eureka endpoints via configuration
2025-07-04 16:43:09 - Resolving eureka endpoints via configuration
2025-07-04 16:48:09 - Resolving eureka endpoints via configuration
2025-07-04 16:53:09 - Resolving eureka endpoints via configuration
2025-07-04 16:58:09 - Resolving eureka endpoints via configuration
2025-07-04 17:03:09 - Resolving eureka endpoints via configuration
2025-07-04 17:08:09 - Resolving eureka endpoints via configuration
2025-07-04 17:13:09 - Resolving eureka endpoints via configuration
2025-07-04 17:18:09 - Resolving eureka endpoints via configuration
2025-07-04 17:23:09 - Resolving eureka endpoints via configuration
2025-07-04 17:28:09 - Resolving eureka endpoints via configuration
2025-07-04 17:33:09 - Resolving eureka endpoints via configuration
2025-07-04 17:38:09 - Resolving eureka endpoints via configuration
2025-07-04 17:43:09 - Resolving eureka endpoints via configuration
2025-07-04 17:48:09 - Resolving eureka endpoints via configuration
2025-07-04 17:53:09 - Resolving eureka endpoints via configuration
2025-07-04 17:58:09 - Resolving eureka endpoints via configuration
2025-07-04 18:03:09 - Resolving eureka endpoints via configuration
2025-07-04 18:08:09 - Resolving eureka endpoints via configuration
2025-07-04 18:13:09 - Resolving eureka endpoints via configuration
2025-07-04 18:16:29 - Application shutdown requested.
2025-07-04 18:16:29 - Unregistering application LOGIN-SERVICE with eureka with status DOWN
2025-07-04 18:16:29 - Saw local status change event StatusChangeEvent [timestamp=1751633189932, current=DOWN, previous=UP]
2025-07-04 18:16:29 - DiscoveryClient_LOGIN-SERVICE/DESKTOP-C525GN2:login-service:8082: registering service...
2025-07-04 18:16:31 - DiscoveryClient_LOGIN-SERVICE/DESKTOP-C525GN2:login-service:8082 - registration status: 204
2025-07-04 18:16:31 - Commencing graceful shutdown. Waiting for active requests to complete
2025-07-04 18:16:34 - Graceful shutdown complete
2025-07-04 18:16:40 - Closing JPA EntityManagerFactory for persistence unit 'default'
2025-07-04 18:16:41 - questions - Shutdown initiated...
2025-07-04 18:16:41 - questions - Shutdown completed.
2025-07-04 18:16:41 - Shutting down DiscoveryClient ...
2025-07-04 18:16:44 - Unregistering ...
2025-07-04 18:16:45 - DiscoveryClient_LOGIN-SERVICE/DESKTOP-C525GN2:login-service:8082 - deregister  status: 200
2025-07-04 18:16:45 - Completed shut down of DiscoveryClient
